make test --dry-run --keep-going --print-directory
make: Entering directory '/home/raonsol/sce213-project3'
gcc -g -c -Wall -Wextra -Wno-unused-parameter -Werror -std=gnu99 malloc.c -o malloc.o
gcc -g -c -Wall -Wextra -Wno-unused-parameter -Werror -std=gnu99 parser.c -o parser.o
gcc -g -c -Wall -Wextra -Wno-unused-parameter -Werror -std=gnu99 pa3.c -o pa3.o
gcc  -o pa3 malloc.o parser.o pa3.o
echo "Test short1 on first fit"; \
./pa3 first < test_cases/short1.rep > outputs/short1-first-answer.txt; \
diff -Naur outputs/short1-first-answer.txt reference_outputs/short1-first-reference.txt; \
if [ $? -eq 0 ]; then echo "\tTest seems correct\n";\
else echo "\tResults not identical, check the diff output\n";\
fi
echo "Test short1 on best fit"; \
  ./pa3 best < test_cases/short1.rep > outputs/short1-best-answer.txt; \
  diff -Naur outputs/short1-best-answer.txt reference_outputs/short1-best-reference.txt; \
  if [ $? -eq 0 ]; then echo "\tTest seems correct\n";\
  else echo "\tResults not identical, check the diff output\n";\
  fi
echo "Test short2 on first fit"; \
./pa3 first < test_cases/short2.rep > outputs/short2-first-answer.txt; \
diff -Naur outputs/short2-first-answer.txt reference_outputs/short2-first-reference.txt; \
if [ $? -eq 0 ]; then echo "\tTest seems correct\n";\
else echo "\tResults not identical, check the diff output\n";\
fi
 
echo "Test short2 on best fit"; \
  ./pa3 best < test_cases/short2.rep > outputs/short2-best-answer.txt; \
  diff -Naur outputs/short2-best-answer.txt reference_outputs/short2-best-reference.txt; \
  if [ $? -eq 0 ]; then echo "\tTest seems correct\n";\
  else echo "\tResults not identical, check the diff output\n";\
  fi
echo "Test coalescing on first fit"; \
./pa3 first < test_cases/coalescing.rep > outputs/coalescing-first-answer.txt; \
diff -Naur outputs/coalescing-first-answer.txt reference_outputs/coalescing-first-reference.txt; \
if [ $? -eq 0 ]; then echo "\tTest seems correct\n";\
else echo "\tResults not identical, check the diff output\n";\
fi
echo "Test coalescing on best fit"; \
  ./pa3 best < test_cases/coalescing.rep > outputs/coalescing-best-answer.txt; \
  diff -Naur outputs/coalescing-best-answer.txt reference_outputs/coalescing-best-reference.txt; \
  if [ $? -eq 0 ]; then echo "\tTest seems correct\n";\
  else echo "\tResults not identical, check the diff output\n";\
  fi
echo "Test realloc1 on first fit"; \
./pa3 first < test_cases/realloc1.rep > outputs/realloc1-first-answer.txt; \
diff -Naur outputs/realloc1-first-answer.txt reference_outputs/realloc1-first-reference.txt; \
if [ $? -eq 0 ]; then echo "\tTest seems correct\n";\
else echo "\tResults not identical, check the diff output\n";\
fi
 
echo "Test realloc1 on best fit"; \
  ./pa3 best < test_cases/realloc1.rep > outputs/realloc1-best-answer.txt; \
  diff -Naur outputs/realloc1-best-answer.txt reference_outputs/realloc1-best-reference.txt; \
  if [ $? -eq 0 ]; then echo "\tTest seems correct\n";\
  else echo "\tResults not identical, check the diff output\n";\
  fi
 
echo "Test realloc2 on first fit"; \
./pa3 first < test_cases/realloc2.rep > outputs/realloc2-first-answer.txt; \
diff -Naur outputs/realloc2-first-answer.txt reference_outputs/realloc2-first-reference.txt; \
if [ $? -eq 0 ]; then echo "\tTest seems correct\n";\
else echo "\tResults not identical, check the diff output\n";\
fi
echo "Test realloc2 on best fit"; \
  ./pa3 best < test_cases/realloc2.rep > outputs/realloc2-best-answer.txt; \
  diff -Naur outputs/realloc2-best-answer.txt reference_outputs/realloc2-best-reference.txt; \
  if [ $? -eq 0 ]; then echo "\tTest seems correct\n";\
  else echo "\tResults not identical, check the diff output\n";\
  fi
make: Leaving directory '/home/raonsol/sce213-project3'
 
