make all --print-data-base --no-builtin-variables --no-builtin-rules --question
# GNU Make 4.3
# Built for x86_64-pc-linux-gnu
# Copyright (C) 1988-2020 Free Software Foundation, Inc.
# License GPLv3+: GNU GPL version 3 or later <http://gnu.org/licenses/gpl.html>
# This is free software: you are free to change and redistribute it.
# There is NO WARRANTY, to the extent permitted by law.

# Make data base, printed on Sun Jun 26 08:25:10 2022

# Variables

# environment
LC_ALL = C
# environment
VSCODE_CWD = /home/raonsol
# default
MAKE_COMMAND := make
# environment
VSCODE_HANDLES_SIGPIPE = true
# automatic
@D = $(patsubst %/,%,$(dir $@))
# environment
VSCODE_HANDLES_UNCAUGHT_ERRORS = true
# default
.VARIABLES := 
# environment
PWD = /home/raonsol/sce213-project3
# automatic
%D = $(patsubst %/,%,$(dir $%))
# environment
LSCOLORS = Gxfxcxdxbxegedabagacad
# environment
OLDPWD = /home/raonsol
# automatic
^D = $(patsubst %/,%,$(dir $^))
# environment
VSCODE_LOG_STACK = false
# automatic
%F = $(notdir $%)
# environment
LANG = C
# default
.LOADED := 
# default
.INCLUDE_DIRS = /usr/local/include /usr/include /usr/include
# makefile
MAKEFLAGS = pqrR
# makefile
CURDIR := /home/raonsol/sce213-project3
# environment
VSCODE_PIPE_LOGGING = true
# environment
APPLICATION_INSIGHTS_NO_DIAGNOSTIC_CHANNEL = 1
# automatic
*D = $(patsubst %/,%,$(dir $*))
# environment
MFLAGS = -pqrR
# default
.SHELLFLAGS := -c
# automatic
+D = $(patsubst %/,%,$(dir $+))
# environment
P9K_SSH = 1
# makefile (from 'Makefile', line 1)
MAKEFILE_LIST := Makefile
# environment
CONDA_SHLVL = 0
# automatic
@F = $(notdir $@)
# environment
ZSH = /home/raonsol/.oh-my-zsh
# environment
VSCODE_VERBOSE_LOGGING = true
# environment
XDG_SESSION_TYPE = tty
# automatic
?D = $(patsubst %/,%,$(dir $?))
# environment
CONDA_PYTHON_EXE = /home/raonsol/miniconda3/bin/python
# automatic
*F = $(notdir $*)
# environment
DBUS_SESSION_BUS_ADDRESS = unix:path=/run/user/1000/bus
# automatic
<D = $(patsubst %/,%,$(dir $<))
# environment
VSCODE_NLS_CONFIG = {"locale":"en","availableLanguages":{}}
# default
MAKE_HOST := x86_64-pc-linux-gnu
# makefile (from 'Makefile', line 6)
OBJS = malloc.o parser.o pa3.o
# makefile
SHELL = /bin/sh
# default
MAKECMDGOALS := all
# environment
SHLVL = 1
# environment
MAKELEVEL := 0
# default
MAKE = $(MAKE_COMMAND)
# environment
PATH = /home/raonsol/.vscode-server/bin/30d9c6cd9483b2cc586687151bcbcd635f373630/bin/remote-cli:/home/raonsol/miniconda3/condabin:/home/raonsol//miniconda3/bin:/home/raonsol/.autojump/bin:/usr/local/sbin:/usr/local/bin:/usr/sbin:/usr/bin:/sbin:/bin:/usr/games:/usr/local/games:/snap/bin
# default
MAKEFILES := 
# environment
MOTD_SHOWN = pam
# automatic
^F = $(notdir $^)
# environment
SSH_CLIENT = 221.162.120.62 64437 210
# environment
VSCODE_LOG_NATIVE = false
# automatic
?F = $(notdir $?)
# environment
AUTOJUMP_SOURCED = 1
# environment
LS_COLORS = 
# automatic
+F = $(notdir $+)
# environment
LESS = -R
# 'override' directive
GNUMAKEFLAGS := 
# environment
BROWSER = /home/raonsol/.vscode-server/bin/30d9c6cd9483b2cc586687151bcbcd635f373630/bin/helpers/browser.sh
# environment
LOGNAME = raonsol
# makefile
.DEFAULT_GOAL := all
# environment
AUTOJUMP_ERROR_PATH = /home/raonsol/.local/share/autojump/errors.log
# environment
USER = raonsol
# default
MAKE_VERSION := 4.3
# makefile (from 'Makefile', line 5)
LDFLAGS = 
# environment
VSCODE_EXTHOST_WILL_SEND_SOCKET = true
# environment
PAGER = less
# environment
VSCODE_AGENT_FOLDER = /home/raonsol/.vscode-server
# environment
_ = /home/raonsol/.vscode-server/bin/30d9c6cd9483b2cc586687151bcbcd635f373630/node
# environment
XDG_RUNTIME_DIR = /run/user/1000
# makefile (from 'Makefile', line 3)
CFLAGS = -g -c -Wall -Wextra -Wno-unused-parameter -Werror -std=gnu99
# environment
_CE_M = 
# environment
VSCODE_IPC_HOOK_CLI = /run/user/1000/vscode-ipc-ce7094a9-cd82-4d02-bd34-894e5ba8e96d.sock
# environment
XDG_SESSION_CLASS = user
# environment
VSCODE_AMD_ENTRYPOINT = vs/workbench/api/node/extensionHostProcess
# environment
HOME = /home/raonsol
# environment
XDG_SESSION_ID = 14
# default
.RECIPEPREFIX := 
# automatic
<F = $(notdir $<)
# default
SUFFIXES := 
# makefile (from 'Makefile', line 4)
TARGET = pa3
# default
.FEATURES := target-specific order-only second-expansion else-if shortest-stem undefine oneshell nocomment grouped-target extra-prereqs archives jobserver output-sync check-symlink load
# makefile (from 'Makefile', line 1)
CC = gcc
# environment
CONDA_EXE = /home/raonsol/miniconda3/bin/conda
# environment
_CE_CONDA = 
# environment
SSH_CONNECTION = 221.162.120.62 64437 192.168.0.52 210
# variable set hash-table stats:
# Load=85/1024=8%, Rehash=0, Collisions=2/140=1%

# Pattern-specific Variable Values

# No pattern-specific variable values.

# Directories

# . (device 64769, inode 13109944): 17 files, no impossibilities.

# 17 files, no impossibilities in 1 directories.

# Implicit Rules

%.o: %.c
#  recipe to execute (from 'Makefile', line 14):
	gcc $(CFLAGS) $< -o $@

# 1 implicit rules, 0 (0.0%) terminal.
# Files

test-best-short2: pa3
#  Implicit rule search has not been done.
#  Modification time never checked.
#  File has not been updated.
#  recipe to execute (from 'Makefile', line 54):
	@echo "Test short2 on best fit"; \
  ./$(TARGET) best < test_cases/short2.rep > outputs/short2-best-answer.txt; \
  diff -Naur outputs/short2-best-answer.txt reference_outputs/short2-best-reference.txt; \
  if [ $$? -eq 0 ]; then echo "\tTest seems correct\n";\
  else echo "\tResults not identical, check the diff output\n";\
  fi

test-first-short1: pa3
#  Implicit rule search has not been done.
#  Modification time never checked.
#  File has not been updated.
#  recipe to execute (from 'Makefile', line 30):
	@echo "Test short1 on first fit"; \
	./$(TARGET) first < test_cases/short1.rep > outputs/short1-first-answer.txt; \
	diff -Naur outputs/short1-first-answer.txt reference_outputs/short1-first-reference.txt; \
	if [ $$? -eq 0 ]; then echo "\tTest seems correct\n";\
	else echo "\tResults not identical, check the diff output\n";\
	fi

# Not a target:
pa3.o:
#  Implicit rule search has not been done.
#  Modification time never checked.
#  File has not been updated.

test-realloc1: pa3 test-first-realloc1 test-best-realloc1
#  Implicit rule search has not been done.
#  Modification time never checked.
#  File has not been updated.

# Not a target:
Makefile:
#  Implicit rule search has been done.
#  Last modified 2022-06-15 08:19:16.573167142
#  File has been updated.
#  Successfully updated.

test-best-realloc1: pa3
#  Implicit rule search has not been done.
#  Modification time never checked.
#  File has not been updated.
#  recipe to execute (from 'Makefile', line 86):
	@echo "Test realloc1 on best fit"; \
  ./$(TARGET) best < test_cases/realloc1.rep > outputs/realloc1-best-answer.txt; \
  diff -Naur outputs/realloc1-best-answer.txt reference_outputs/realloc1-best-reference.txt; \
  if [ $$? -eq 0 ]; then echo "\tTest seems correct\n";\
  else echo "\tResults not identical, check the diff output\n";\
  fi

# Not a target:
parser.o:
#  Implicit rule search has not been done.
#  Modification time never checked.
#  File has not been updated.

clean:
#  Phony target (prerequisite of .PHONY).
#  Implicit rule search has not been done.
#  File does not exist.
#  File has not been updated.
#  recipe to execute (from 'Makefile', line 18):
	rm -rf $(OBJS) $(TARGET)

test-coalescing: pa3 test-first-coalescing test-best-coalescing
#  Implicit rule search has not been done.
#  Modification time never checked.
#  File has not been updated.

pa3: malloc.o parser.o pa3.o
#  Implicit rule search has not been done.
#  File does not exist.
#  File has been updated.
#  Needs to be updated (-q is set).
# variable set hash-table stats:
# Load=0/32=0%, Rehash=0, Collisions=0/4=0%
#  recipe to execute (from 'Makefile', line 11):
	$(CC) $(LDFLAGS) -o $(TARGET) $(OBJS)

test-first-realloc2: pa3
#  Implicit rule search has not been done.
#  Modification time never checked.
#  File has not been updated.
#  recipe to execute (from 'Makefile', line 94):
	@echo "Test realloc2 on first fit"; \
	./$(TARGET) first < test_cases/realloc2.rep > outputs/realloc2-first-answer.txt; \
	diff -Naur outputs/realloc2-first-answer.txt reference_outputs/realloc2-first-reference.txt; \
	if [ $$? -eq 0 ]; then echo "\tTest seems correct\n";\
	else echo "\tResults not identical, check the diff output\n";\
	fi

test-short2: pa3 test-first-short2 test-best-short2
 
#  Implicit rule search has not been done.
#  Modification time never checked.
#  File has not been updated.

# Not a target:
.DEFAULT:
#  Implicit rule search has not been done.
#  Modification time never checked.
#  File has not been updated.

test-first-coalescing: pa3
#  Implicit rule search has not been done.
#  Modification time never checked.
#  File has not been updated.
#  recipe to execute (from 'Makefile', line 62):
	@echo "Test coalescing on first fit"; \
	./$(TARGET) first < test_cases/coalescing.rep > outputs/coalescing-first-answer.txt; \
	diff -Naur outputs/coalescing-first-answer.txt reference_outputs/coalescing-first-reference.txt; \
	if [ $$? -eq 0 ]; then echo "\tTest seems correct\n";\
	else echo "\tResults not identical, check the diff output\n";\
	fi

all: pa3
#  Command line target.
#  Implicit rule search has been done.
#  File does not exist.
#  File has been updated.
#  Needs to be updated (-q is set).
# variable set hash-table stats:
# Load=0/32=0%, Rehash=0, Collisions=0/4=0%

test: pa3 test-short1 test-short2 test-coalescing test-realloc1 test-realloc2
#  Implicit rule search has not been done.
#  Modification time never checked.
#  File has not been updated.

test-realloc2: pa3 test-first-realloc2 test-best-realloc2
#  Implicit rule search has not been done.
#  Modification time never checked.
#  File has not been updated.

test-first-realloc1: pa3
#  Implicit rule search has not been done.
#  Modification time never checked.
#  File has not been updated.
#  recipe to execute (from 'Makefile', line 78):
	@echo "Test realloc1 on first fit"; \
	./$(TARGET) first < test_cases/realloc1.rep > outputs/realloc1-first-answer.txt; \
	diff -Naur outputs/realloc1-first-answer.txt reference_outputs/realloc1-first-reference.txt; \
	if [ $$? -eq 0 ]; then echo "\tTest seems correct\n";\
	else echo "\tResults not identical, check the diff output\n";\
	fi

test-short1: pa3 test-first-short1 test-best-short1
#  Implicit rule search has not been done.
#  Modification time never checked.
#  File has not been updated.

test-first-short2: pa3
#  Implicit rule search has not been done.
#  Modification time never checked.
#  File has not been updated.
#  recipe to execute (from 'Makefile', line 46):
	@echo "Test short2 on first fit"; \
	./$(TARGET) first < test_cases/short2.rep > outputs/short2-first-answer.txt; \
	diff -Naur outputs/short2-first-answer.txt reference_outputs/short2-first-reference.txt; \
	if [ $$? -eq 0 ]; then echo "\tTest seems correct\n";\
	else echo "\tResults not identical, check the diff output\n";\
	fi

malloc.o: malloc.c
#  Implicit rule search has been done.
#  Implicit/static pattern stem: 'malloc'
#  File does not exist.
#  File has been updated.
#  Needs to be updated (-q is set).
# automatic
# @ := malloc.o
# automatic
# * := malloc
# automatic
# < := malloc.c
# automatic
# + := malloc.c
# automatic
# % := 
# automatic
# ^ := malloc.c
# automatic
# ? := malloc.c
# automatic
# | := 
# variable set hash-table stats:
# Load=8/32=25%, Rehash=0, Collisions=1/14=7%
#  recipe to execute (from 'Makefile', line 14):
	gcc $(CFLAGS) $< -o $@

test-best-realloc2: pa3
#  Implicit rule search has not been done.
#  Modification time never checked.
#  File has not been updated.
#  recipe to execute (from 'Makefile', line 102):
	@echo "Test realloc2 on best fit"; \
  ./$(TARGET) best < test_cases/realloc2.rep > outputs/realloc2-best-answer.txt; \
  diff -Naur outputs/realloc2-best-answer.txt reference_outputs/realloc2-best-reference.txt; \
  if [ $$? -eq 0 ]; then echo "\tTest seems correct\n";\
  else echo "\tResults not identical, check the diff output\n";\
  fi

test-best-short1: pa3
#  Implicit rule search has not been done.
#  Modification time never checked.
#  File has not been updated.
#  recipe to execute (from 'Makefile', line 38):
	@echo "Test short1 on best fit"; \
  ./$(TARGET) best < test_cases/short1.rep > outputs/short1-best-answer.txt; \
  diff -Naur outputs/short1-best-answer.txt reference_outputs/short1-best-reference.txt; \
  if [ $$? -eq 0 ]; then echo "\tTest seems correct\n";\
  else echo "\tResults not identical, check the diff output\n";\
  fi

.PHONY: clean
#  Implicit rule search has not been done.
#  Modification time never checked.
#  File has not been updated.

test-best-coalescing: pa3
#  Implicit rule search has not been done.
#  Modification time never checked.
#  File has not been updated.
#  recipe to execute (from 'Makefile', line 70):
	@echo "Test coalescing on best fit"; \
  ./$(TARGET) best < test_cases/coalescing.rep > outputs/coalescing-best-answer.txt; \
  diff -Naur outputs/coalescing-best-answer.txt reference_outputs/coalescing-best-reference.txt; \
  if [ $$? -eq 0 ]; then echo "\tTest seems correct\n";\
  else echo "\tResults not identical, check the diff output\n";\
  fi

# Not a target:
malloc.c:
#  Implicit rule search has been done.
#  Last modified 2022-06-15 08:19:16.573167142
#  File has been updated.
#  Successfully updated.

# files hash-table stats:
# Load=27/1024=3%, Rehash=0, Collisions=0/94=0%
# VPATH Search Paths

# No 'vpath' search paths.

# No general ('VPATH' variable) search path.

# strcache buffers: 1 (0) / strings = 47 / storage = 522 B / avg = 11 B
# current buf: size = 8162 B / used = 522 B / count = 47 / avg = 11 B

# strcache performance: lookups = 107 / hit rate = 56%
# hash-table stats:
# Load=47/8192=1%, Rehash=0, Collisions=0/107=0%
# Finished Make data base on Sun Jun 26 08:25:10 2022

 
